[16:37:29] [main/INFO]: Setting user: Player328
[16:37:29] [main/INFO]: (Session ID is token:0:Player328)
[16:37:30] [Client thread/INFO]: LWJGL Version: 2.9.0
[16:37:30] [Client thread/ERROR]: Couldn't set icon
javax.imageio.IIOException: Can't read input file!
	at javax.imageio.ImageIO.read(Unknown Source) ~[?:1.8.0_60]
	at net.minecraft.client.Minecraft.readImage(Minecraft.java:649) ~[bin/:?]
	at net.minecraft.client.Minecraft.startGame(Minecraft.java:483) [bin/:?]
	at net.minecraft.client.Minecraft.run(Minecraft.java:891) [bin/:?]
	at net.minecraft.client.main.Main.main(Main.java:109) [bin/:?]
	at Start.main(Start.java:11) [bin/:?]
[16:37:31] [Client thread/INFO]: Reloading ResourceManager: Default
[16:37:31] [Sound Library Loader/INFO]: Sound engine started
[16:37:32] [Client thread/INFO]: Created: 512x256 textures/blocks-atlas
[16:37:32] [Client thread/INFO]: Created: 256x256 textures/items-atlas
[16:37:32] [MCO Availability Checker #1/ERROR]: Couldn't connect to Realms
[16:37:35] [Client thread/WARN]: Unable to play unknown soundEvent: minecraft:gui.button.press
[16:37:36] [Server thread/INFO]: Starting integrated minecraft server version 1.7.2
[16:37:36] [Server thread/INFO]: Generating keypair
[16:37:36] [Server thread/INFO]: Preparing start region for level 0
[16:37:37] [Server thread/INFO]: Player328[local:E:a36c320a] logged in with entity id 607 at (-126.47480505428749, 85.04203202626157, 138.48764164112526)
[16:37:37] [Server thread/INFO]: Player328 joined the game
[16:37:38] [Skin downloader: http://skins.minecraft.net/MinecraftCloaks/Player328.png/ERROR]: Couldn't download http texture
java.net.UnknownHostException: skins.minecraft.net
	at java.net.AbstractPlainSocketImpl.connect(Unknown Source) ~[?:1.8.0_60]
	at java.net.PlainSocketImpl.connect(Unknown Source) ~[?:1.8.0_60]
	at java.net.SocksSocketImpl.connect(Unknown Source) ~[?:1.8.0_60]
	at java.net.Socket.connect(Unknown Source) ~[?:1.8.0_60]
	at java.net.Socket.connect(Unknown Source) ~[?:1.8.0_60]
	at sun.net.NetworkClient.doConnect(Unknown Source) ~[?:1.8.0_60]
	at sun.net.www.http.HttpClient.openServer(Unknown Source) ~[?:1.8.0_60]
	at sun.net.www.http.HttpClient.openServer(Unknown Source) ~[?:1.8.0_60]
	at sun.net.www.http.HttpClient.<init>(Unknown Source) ~[?:1.8.0_60]
	at sun.net.www.http.HttpClient.New(Unknown Source) ~[?:1.8.0_60]
	at sun.net.www.http.HttpClient.New(Unknown Source) ~[?:1.8.0_60]
	at sun.net.www.protocol.http.HttpURLConnection.getNewHttpClient(Unknown Source) ~[?:1.8.0_60]
	at sun.net.www.protocol.http.HttpURLConnection.plainConnect0(Unknown Source) ~[?:1.8.0_60]
	at sun.net.www.protocol.http.HttpURLConnection.plainConnect(Unknown Source) ~[?:1.8.0_60]
	at sun.net.www.protocol.http.HttpURLConnection.connect(Unknown Source) ~[?:1.8.0_60]
	at net.minecraft.client.renderer.ThreadDownloadImageData$1.run(ThreadDownloadImageData.java:84) [bin/:?]
[16:37:38] [Client thread/WARN]: Unable to play unknown soundEvent: minecraft:minecart.base
[16:37:38] [Skin downloader: http://skins.minecraft.net/MinecraftSkins/Player328.png/ERROR]: Couldn't download http texture
java.net.UnknownHostException: skins.minecraft.net
	at java.net.AbstractPlainSocketImpl.connect(Unknown Source) ~[?:1.8.0_60]
	at java.net.PlainSocketImpl.connect(Unknown Source) ~[?:1.8.0_60]
	at java.net.SocksSocketImpl.connect(Unknown Source) ~[?:1.8.0_60]
	at java.net.Socket.connect(Unknown Source) ~[?:1.8.0_60]
	at java.net.Socket.connect(Unknown Source) ~[?:1.8.0_60]
	at sun.net.NetworkClient.doConnect(Unknown Source) ~[?:1.8.0_60]
	at sun.net.www.http.HttpClient.openServer(Unknown Source) ~[?:1.8.0_60]
	at sun.net.www.http.HttpClient.openServer(Unknown Source) ~[?:1.8.0_60]
	at sun.net.www.http.HttpClient.<init>(Unknown Source) ~[?:1.8.0_60]
	at sun.net.www.http.HttpClient.New(Unknown Source) ~[?:1.8.0_60]
	at sun.net.www.http.HttpClient.New(Unknown Source) ~[?:1.8.0_60]
	at sun.net.www.protocol.http.HttpURLConnection.getNewHttpClient(Unknown Source) ~[?:1.8.0_60]
	at sun.net.www.protocol.http.HttpURLConnection.plainConnect0(Unknown Source) ~[?:1.8.0_60]
	at sun.net.www.protocol.http.HttpURLConnection.plainConnect(Unknown Source) ~[?:1.8.0_60]
	at sun.net.www.protocol.http.HttpURLConnection.connect(Unknown Source) ~[?:1.8.0_60]
	at net.minecraft.client.renderer.ThreadDownloadImageData$1.run(ThreadDownloadImageData.java:84) [bin/:?]
[16:37:38] [Client thread/WARN]: Unable to play unknown soundEvent: minecraft:minecart.base
[16:37:38] [Client thread/WARN]: Unable to play unknown soundEvent: minecraft:fire.fire
[16:37:39] [Client thread/WARN]: Unable to play unknown soundEvent: minecraft:fire.fire
[16:37:39] [Client thread/WARN]: Unable to play unknown soundEvent: minecraft:music.game.creative
[16:37:41] [Client thread/WARN]: Unable to play unknown soundEvent: minecraft:fire.fire
[16:37:46] [Client thread/WARN]: Unable to play unknown soundEvent: minecraft:random.bow
[16:37:46] [Client thread/WARN]: Unable to play unknown soundEvent: minecraft:random.bow
[16:37:46] [Client thread/WARN]: Unable to play unknown soundEvent: minecraft:random.bow
[16:37:46] [Client thread/WARN]: Unable to play unknown soundEvent: minecraft:random.bow
[16:37:46] [Client thread/WARN]: Unable to play unknown soundEvent: minecraft:random.bow
[16:37:47] [Client thread/WARN]: Unable to play unknown soundEvent: minecraft:random.bowhit
[16:37:47] [Client thread/WARN]: Unable to play unknown soundEvent: minecraft:random.explode
[16:37:47] [Client thread/WARN]: Unable to play unknown soundEvent: minecraft:random.bowhit
[16:37:47] [Client thread/WARN]: Unable to play unknown soundEvent: minecraft:random.bowhit
[16:37:47] [Client thread/WARN]: Unable to play unknown soundEvent: minecraft:random.explode
[16:37:47] [Client thread/WARN]: Unable to play unknown soundEvent: minecraft:random.explode
[16:37:47] [Client thread/WARN]: Unable to play unknown soundEvent: minecraft:random.explode
[16:37:48] [Client thread/WARN]: Unable to play unknown soundEvent: minecraft:random.explode
[16:37:48] [Client thread/WARN]: Unable to play unknown soundEvent: minecraft:dig.grass
[16:37:55] [Client thread/WARN]: Unable to play unknown soundEvent: minecraft:step.grass
[16:37:55] [Client thread/WARN]: Unable to play unknown soundEvent: minecraft:mob.sheep.step
[16:37:55] [Client thread/WARN]: Unable to play unknown soundEvent: minecraft:mob.sheep.say
[16:37:56] [Client thread/WARN]: Unable to play unknown soundEvent: minecraft:mob.sheep.say
[16:37:56] [Client thread/WARN]: Unable to play unknown soundEvent: minecraft:mob.sheep.say
[16:37:56] [Client thread/WARN]: Unable to play unknown soundEvent: minecraft:mob.sheep.say
[16:37:56] [Client thread/WARN]: Unable to play unknown soundEvent: minecraft:step.grass
[16:37:57] [Client thread/WARN]: Unable to play unknown soundEvent: minecraft:mob.zombie.say
[16:37:57] [Client thread/WARN]: Unable to play unknown soundEvent: minecraft:step.grass
[16:37:59] [Client thread/WARN]: Unable to play unknown soundEvent: minecraft:random.bow
[16:37:59] [Client thread/WARN]: Unable to play unknown soundEvent: minecraft:mob.sheep.say
[16:37:59] [Client thread/WARN]: Unable to play unknown soundEvent: minecraft:random.bowhit
[16:37:59] [Client thread/WARN]: Unable to play unknown soundEvent: minecraft:random.bow
[16:37:59] [Client thread/WARN]: Unable to play unknown soundEvent: minecraft:random.bow
[16:37:59] [Client thread/WARN]: Unable to play unknown soundEvent: minecraft:mob.bat.takeoff
[16:37:59] [Client thread/WARN]: Unable to play unknown soundEvent: minecraft:random.bow
[16:37:59] [Client thread/WARN]: Unable to play unknown soundEvent: minecraft:random.bow
[16:37:59] [Client thread/WARN]: Unable to play unknown soundEvent: minecraft:random.bowhit
[16:37:59] [Client thread/WARN]: Unable to play unknown soundEvent: minecraft:dig.grass
[16:37:59] [Client thread/WARN]: Unable to play unknown soundEvent: minecraft:random.bowhit
[16:37:59] [Client thread/WARN]: Unable to play unknown soundEvent: minecraft:mob.sheep.say
[16:37:59] [Client thread/WARN]: Unable to play unknown soundEvent: minecraft:random.explode
[16:37:59] [Client thread/WARN]: Unable to play unknown soundEvent: minecraft:mob.sheep.say
[16:37:59] [Client thread/WARN]: Unable to play unknown soundEvent: minecraft:random.explode
[16:37:59] [Client thread/WARN]: Unable to play unknown soundEvent: minecraft:mob.sheep.step
[16:38:00] [Client thread/WARN]: Unable to play unknown soundEvent: minecraft:random.bowhit
[16:38:00] [Client thread/WARN]: Unable to play unknown soundEvent: minecraft:random.explode
[16:38:00] [Client thread/WARN]: Unable to play unknown soundEvent: minecraft:random.bowhit
[16:38:00] [Client thread/WARN]: Unable to play unknown soundEvent: minecraft:random.explode
[16:38:01] [Client thread/WARN]: Unable to play unknown soundEvent: minecraft:fire.fire
[16:38:01] [Client thread/WARN]: Unable to play unknown soundEvent: minecraft:mob.zombie.say
[16:38:02] [Client thread/WARN]: Unable to play unknown soundEvent: minecraft:mob.sheep.step
[16:38:02] [Client thread/WARN]: Unable to play unknown soundEvent: minecraft:mob.sheep.say
[16:38:02] [Client thread/WARN]: Unable to play unknown soundEvent: minecraft:mob.sheep.step
[16:38:02] [Client thread/WARN]: Unable to play unknown soundEvent: minecraft:step.gravel
[16:38:02] [Client thread/WARN]: Unable to play unknown soundEvent: minecraft:mob.zombie.say
[16:38:02] [Client thread/WARN]: Unable to play unknown soundEvent: minecraft:step.gravel
[16:38:02] [Client thread/WARN]: Unable to play unknown soundEvent: minecraft:random.pop
[16:38:02] [Client thread/WARN]: Unable to play unknown soundEvent: minecraft:fire.fire
[16:38:03] [Client thread/WARN]: Unable to play unknown soundEvent: minecraft:fire.fire
[16:38:03] [Client thread/WARN]: Unable to play unknown soundEvent: minecraft:mob.sheep.step
[16:38:03] [Client thread/WARN]: Unable to play unknown soundEvent: minecraft:mob.sheep.step
[16:38:03] [Client thread/WARN]: Unable to play unknown soundEvent: minecraft:random.bow
[16:38:03] [Client thread/WARN]: Unable to play unknown soundEvent: minecraft:fire.fire
[16:38:03] [Client thread/WARN]: Unable to play unknown soundEvent: minecraft:fire.fire
[16:38:03] [Client thread/WARN]: Unable to play unknown soundEvent: minecraft:random.bow
[16:38:03] [Client thread/WARN]: Unable to play unknown soundEvent: minecraft:random.bowhit
[16:38:03] [Client thread/WARN]: Unable to play unknown soundEvent: minecraft:random.explode
[16:38:03] [Client thread/WARN]: Unable to play unknown soundEvent: minecraft:random.bow
[16:38:03] [Client thread/WARN]: Unable to play unknown soundEvent: minecraft:random.bow
[16:38:04] [Client thread/WARN]: Unable to play unknown soundEvent: minecraft:random.bow
[16:38:04] [Client thread/WARN]: Unable to play unknown soundEvent: minecraft:random.bowhit
[16:38:04] [Client thread/WARN]: Unable to play unknown soundEvent: minecraft:random.explode
[16:38:04] [Client thread/WARN]: Unable to play unknown soundEvent: minecraft:random.bowhit
[16:38:04] [Client thread/WARN]: Unable to play unknown soundEvent: minecraft:random.explode
[16:38:04] [Client thread/WARN]: Unable to play unknown soundEvent: minecraft:random.bowhit
[16:38:04] [Client thread/WARN]: Unable to play unknown soundEvent: minecraft:random.explode
[16:38:04] [Client thread/WARN]: Unable to play unknown soundEvent: minecraft:random.bowhit
[16:38:04] [Client thread/WARN]: Unable to play unknown soundEvent: minecraft:random.explode
[16:38:05] [Client thread/WARN]: Unable to play unknown soundEvent: minecraft:fire.fire
[16:38:05] [Client thread/WARN]: Unable to play unknown soundEvent: minecraft:step.grass
[16:38:05] [Client thread/WARN]: Unable to play unknown soundEvent: minecraft:fire.fire
[16:38:05] [Client thread/WARN]: Unable to play unknown soundEvent: minecraft:fire.fire
[16:38:05] [Client thread/WARN]: Unable to play unknown soundEvent: minecraft:mob.sheep.step
[16:38:06] [Client thread/WARN]: Unable to play unknown soundEvent: minecraft:fire.fire
[16:38:06] [Client thread/WARN]: Unable to play unknown soundEvent: minecraft:mob.sheep.step
[16:38:06] [Client thread/WARN]: Unable to play unknown soundEvent: minecraft:fire.fire
[16:38:06] [Client thread/WARN]: Unable to play unknown soundEvent: minecraft:fire.fire
[16:38:07] [Client thread/WARN]: Unable to play unknown soundEvent: minecraft:fire.fire
[16:38:07] [Client thread/WARN]: Unable to play unknown soundEvent: minecraft:fire.fire
[16:38:07] [Client thread/WARN]: Unable to play unknown soundEvent: minecraft:fire.fire
[16:38:07] [Client thread/WARN]: Unable to play unknown soundEvent: minecraft:fire.fire
[16:38:07] [Client thread/WARN]: Unable to play unknown soundEvent: minecraft:random.bow
[16:38:07] [Client thread/WARN]: Unable to play unknown soundEvent: minecraft:random.bow
[16:38:08] [Client thread/WARN]: Unable to play unknown soundEvent: minecraft:random.bow
[16:38:08] [Client thread/WARN]: Unable to play unknown soundEvent: minecraft:fire.fire
[16:38:08] [Client thread/WARN]: Unable to play unknown soundEvent: minecraft:random.bow
[16:38:08] [Client thread/WARN]: Unable to play unknown soundEvent: minecraft:fire.fire
[16:38:08] [Client thread/WARN]: Unable to play unknown soundEvent: minecraft:fire.fire
[16:38:08] [Client thread/WARN]: Unable to play unknown soundEvent: minecraft:random.bow
[16:38:08] [Client thread/WARN]: Unable to play unknown soundEvent: minecraft:fire.fire
[16:38:08] [Client thread/WARN]: Unable to play unknown soundEvent: minecraft:fire.fire
[16:38:09] [Client thread/WARN]: Unable to play unknown soundEvent: minecraft:random.bowhit
[16:38:09] [Client thread/WARN]: Unable to play unknown soundEvent: minecraft:mob.sheep.step
[16:38:09] [Client thread/WARN]: Unable to play unknown soundEvent: minecraft:random.explode
[16:38:09] [Client thread/WARN]: Unable to play unknown soundEvent: minecraft:fire.fire
[16:38:09] [Client thread/WARN]: Unable to play unknown soundEvent: minecraft:mob.sheep.say
[16:38:09] [Client thread/WARN]: Unable to play unknown soundEvent: minecraft:fire.fire
[16:38:09] [Client thread/WARN]: Unable to play unknown soundEvent: minecraft:random.bowhit
[16:38:09] [Client thread/WARN]: Unable to play unknown soundEvent: minecraft:random.explode
[16:38:09] [Client thread/WARN]: Unable to play unknown soundEvent: minecraft:fire.fire
[16:38:09] [Client thread/WARN]: Unable to play unknown soundEvent: minecraft:random.bowhit
[16:38:10] [Client thread/WARN]: Unable to play unknown soundEvent: minecraft:random.explode
[16:38:10] [Client thread/WARN]: Unable to play unknown soundEvent: minecraft:mob.sheep.step
[16:38:10] [Client thread/WARN]: Unable to play unknown soundEvent: minecraft:random.bowhit
[16:38:10] [Client thread/WARN]: Unable to play unknown soundEvent: minecraft:random.bowhit
[16:38:10] [Client thread/WARN]: Unable to play unknown soundEvent: minecraft:random.explode
[16:38:10] [Client thread/WARN]: Unable to play unknown soundEvent: minecraft:random.explode
[16:38:10] [Client thread/WARN]: Unable to play unknown soundEvent: minecraft:mob.zombie.say
[16:38:10] [Client thread/WARN]: Unable to play unknown soundEvent: minecraft:fire.fire
[16:38:11] [Client thread/WARN]: Unable to play unknown soundEvent: minecraft:fire.fire
[16:38:11] [Client thread/WARN]: Unable to play unknown soundEvent: minecraft:fire.fire
[16:38:11] [Client thread/WARN]: Unable to play unknown soundEvent: minecraft:fire.fire
[16:38:12] [Client thread/WARN]: Unable to play unknown soundEvent: minecraft:fire.fire
[16:38:12] [Client thread/WARN]: Unable to play unknown soundEvent: minecraft:fire.fire
[16:38:12] [Client thread/WARN]: Unable to play unknown soundEvent: minecraft:fire.fire
[16:38:12] [Client thread/WARN]: Unable to play unknown soundEvent: minecraft:fire.fire
[16:38:13] [Client thread/WARN]: Unable to play unknown soundEvent: minecraft:fire.fire
[16:38:13] [Client thread/WARN]: Unable to play unknown soundEvent: minecraft:fire.fire
[16:38:13] [Client thread/WARN]: Unable to play unknown soundEvent: minecraft:fire.fire
[16:38:13] [Client thread/WARN]: Unable to play unknown soundEvent: minecraft:fire.fire
[16:38:13] [Client thread/WARN]: Unable to play unknown soundEvent: minecraft:fire.fire
[16:38:13] [Client thread/WARN]: Unable to play unknown soundEvent: minecraft:random.pop
[16:38:13] [Client thread/WARN]: Unable to play unknown soundEvent: minecraft:fire.fire
[16:38:13] [Client thread/WARN]: Unable to play unknown soundEvent: minecraft:fire.fire
[16:38:14] [Client thread/WARN]: Unable to play unknown soundEvent: minecraft:fire.fire
[16:38:14] [Client thread/WARN]: Unable to play unknown soundEvent: minecraft:mob.zombie.say
[16:38:14] [Client thread/WARN]: Unable to play unknown soundEvent: minecraft:fire.fire
[16:38:14] [Client thread/WARN]: Unable to play unknown soundEvent: minecraft:random.pop
[16:38:15] [Client thread/WARN]: Unable to play unknown soundEvent: minecraft:step.stone
[16:38:15] [Client thread/WARN]: Unable to play unknown soundEvent: minecraft:fire.fire
[16:38:15] [Client thread/WARN]: Unable to play unknown soundEvent: minecraft:fire.fire
[16:38:15] [Client thread/WARN]: Unable to play unknown soundEvent: minecraft:step.stone
[16:38:16] [Client thread/WARN]: Unable to play unknown soundEvent: minecraft:fire.fire
[16:38:16] [Client thread/WARN]: Unable to play unknown soundEvent: minecraft:mob.zombie.say
[16:38:16] [Client thread/WARN]: Unable to play unknown soundEvent: minecraft:fire.fire
[16:38:16] [Client thread/WARN]: Unable to play unknown soundEvent: minecraft:fire.fire
[16:38:16] [Client thread/WARN]: Unable to play unknown soundEvent: minecraft:fire.fire
[16:38:17] [Client thread/WARN]: Unable to play unknown soundEvent: minecraft:fire.fire
[16:38:17] [Client thread/WARN]: Unable to play unknown soundEvent: minecraft:fire.fire
[16:38:17] [Client thread/WARN]: Unable to play unknown soundEvent: minecraft:fire.fire
[16:38:17] [Client thread/WARN]: Unable to play unknown soundEvent: minecraft:mob.bat.takeoff
[16:38:17] [Client thread/WARN]: Unable to play unknown soundEvent: minecraft:mob.bat.takeoff
[16:38:18] [Client thread/WARN]: Unable to play unknown soundEvent: minecraft:mob.sheep.say
[16:38:18] [Client thread/WARN]: Unable to play unknown soundEvent: minecraft:fire.fire
[16:38:19] [Client thread/WARN]: Unable to play unknown soundEvent: minecraft:random.bow
[16:38:19] [Client thread/WARN]: Unable to play unknown soundEvent: minecraft:random.bow
[16:38:19] [Client thread/WARN]: Unable to play unknown soundEvent: minecraft:random.bowhit
[16:38:19] [Client thread/WARN]: Unable to play unknown soundEvent: minecraft:random.bow
[16:38:19] [Client thread/WARN]: Unable to play unknown soundEvent: minecraft:random.explode
[16:38:19] [Client thread/WARN]: Unable to play unknown soundEvent: minecraft:random.bow
[16:38:19] [Client thread/WARN]: Unable to play unknown soundEvent: minecraft:random.bow
[16:38:19] [Client thread/WARN]: Unable to play unknown soundEvent: minecraft:random.bowhit
[16:38:19] [Client thread/WARN]: Unable to play unknown soundEvent: minecraft:random.explode
[16:38:19] [Client thread/WARN]: Unable to play unknown soundEvent: minecraft:random.bowhit
[16:38:19] [Client thread/WARN]: Unable to play unknown soundEvent: minecraft:fire.fire
[16:38:19] [Client thread/WARN]: Unable to play unknown soundEvent: minecraft:random.explode
[16:38:19] [Client thread/WARN]: Unable to play unknown soundEvent: minecraft:fire.fire
[16:38:19] [Client thread/WARN]: Unable to play unknown soundEvent: minecraft:random.bowhit
[16:38:19] [Client thread/WARN]: Unable to play unknown soundEvent: minecraft:random.bowhit
[16:38:19] [Client thread/WARN]: Unable to play unknown soundEvent: minecraft:random.explode
[16:38:19] [Client thread/WARN]: Unable to play unknown soundEvent: minecraft:random.explode
[16:38:19] [Client thread/WARN]: Unable to play unknown soundEvent: minecraft:fire.fire
[16:38:19] [Client thread/WARN]: Unable to play unknown soundEvent: minecraft:fire.fire
[16:38:20] [Client thread/WARN]: Unable to play unknown soundEvent: minecraft:fire.fire
[16:38:20] [Client thread/WARN]: Unable to play unknown soundEvent: minecraft:fire.fire
[16:38:20] [Client thread/WARN]: Unable to play unknown soundEvent: minecraft:fire.fire
[16:38:21] [Client thread/WARN]: Unable to play unknown soundEvent: minecraft:fire.fire
[16:38:21] [Client thread/WARN]: Unable to play unknown soundEvent: minecraft:mob.zombie.step
[16:38:21] [Client thread/WARN]: Unable to play unknown soundEvent: minecraft:fire.fire
[16:38:21] [Client thread/WARN]: Unable to play unknown soundEvent: minecraft:random.pop
[16:38:21] [Client thread/WARN]: Unable to play unknown soundEvent: minecraft:fire.fire
[16:38:21] [Client thread/WARN]: Unable to play unknown soundEvent: minecraft:fire.fire
[16:38:21] [Client thread/WARN]: Unable to play unknown soundEvent: minecraft:fire.fire
[16:38:21] [Client thread/WARN]: Unable to play unknown soundEvent: minecraft:fire.fire
[16:38:21] [Client thread/WARN]: Unable to play unknown soundEvent: minecraft:fire.fire
[16:38:21] [Client thread/WARN]: Unable to play unknown soundEvent: minecraft:random.pop
[16:38:22] [Client thread/WARN]: Unable to play unknown soundEvent: minecraft:mob.zombie.say
[16:38:22] [Client thread/WARN]: Unable to play unknown soundEvent: minecraft:fire.fire
[16:38:22] [Client thread/WARN]: Unable to play unknown soundEvent: minecraft:fire.fire
[16:38:23] [Client thread/WARN]: Unable to play unknown soundEvent: minecraft:fire.fire
[16:38:23] [Client thread/WARN]: Unable to play unknown soundEvent: minecraft:fire.fire
[16:38:23] [Client thread/WARN]: Unable to play unknown soundEvent: minecraft:fire.fire
[16:38:23] [Client thread/WARN]: Unable to play unknown soundEvent: minecraft:fire.fire
[16:38:23] [Client thread/WARN]: Unable to play unknown soundEvent: minecraft:fire.fire
[16:38:24] [Client thread/WARN]: Unable to play unknown soundEvent: minecraft:fire.fire
[16:38:24] [Client thread/WARN]: Unable to play unknown soundEvent: minecraft:fire.fire
[16:38:24] [Client thread/WARN]: Unable to play unknown soundEvent: minecraft:fire.fire
[16:38:24] [Client thread/WARN]: Unable to play unknown soundEvent: minecraft:fire.fire
[16:38:24] [Client thread/WARN]: Unable to play unknown soundEvent: minecraft:fire.fire
[16:38:24] [Client thread/WARN]: Unable to play unknown soundEvent: minecraft:fire.fire
[16:38:24] [Client thread/WARN]: Unable to play unknown soundEvent: minecraft:mob.zombie.say
[16:38:24] [Client thread/WARN]: Unable to play unknown soundEvent: minecraft:fire.fire
[16:38:25] [Client thread/WARN]: Unable to play unknown soundEvent: minecraft:mob.zombie.say
[16:38:25] [Client thread/WARN]: Unable to play unknown soundEvent: minecraft:fire.fire
[16:38:25] [Client thread/WARN]: Unable to play unknown soundEvent: minecraft:fire.fire
[16:38:26] [Client thread/WARN]: Unable to play unknown soundEvent: minecraft:fire.fire
[16:38:26] [Client thread/WARN]: Unable to play unknown soundEvent: minecraft:fire.fire
[16:38:28] [Client thread/WARN]: Unable to play unknown soundEvent: minecraft:mob.bat.takeoff
[16:38:28] [Client thread/WARN]: Unable to play unknown soundEvent: minecraft:mob.bat.takeoff
[16:38:30] [Client thread/WARN]: Unable to play unknown soundEvent: minecraft:mob.bat.takeoff
[16:38:30] [Client thread/WARN]: Unable to play unknown soundEvent: minecraft:mob.bat.takeoff
[16:38:31] [Client thread/WARN]: Unable to play unknown soundEvent: minecraft:random.bow
[16:38:32] [Client thread/WARN]: Unable to play unknown soundEvent: minecraft:random.bow
[16:38:32] [Client thread/WARN]: Unable to play unknown soundEvent: minecraft:random.bow
[16:38:32] [Client thread/WARN]: Unable to play unknown soundEvent: minecraft:random.bowhit
[16:38:32] [Client thread/WARN]: Unable to play unknown soundEvent: minecraft:random.bow
[16:38:32] [Client thread/WARN]: Unable to play unknown soundEvent: minecraft:random.explode
[16:38:32] [Client thread/WARN]: Unable to play unknown soundEvent: minecraft:random.explode
[16:38:32] [Client thread/WARN]: Unable to play unknown soundEvent: minecraft:random.explode
[16:38:32] [Client thread/WARN]: Unable to play unknown soundEvent: minecraft:random.explode
[16:38:35] [Client thread/WARN]: Unable to play unknown soundEvent: minecraft:random.bow
[16:38:35] [Client thread/WARN]: Unable to play unknown soundEvent: minecraft:random.bow
[16:38:35] [Client thread/WARN]: Unable to play unknown soundEvent: minecraft:random.bow
[16:38:35] [Client thread/WARN]: Unable to play unknown soundEvent: minecraft:random.bow
[16:38:35] [Client thread/WARN]: Unable to play unknown soundEvent: minecraft:random.bow
[16:38:35] [Client thread/WARN]: Unable to play unknown soundEvent: minecraft:random.explode
[16:38:35] [Client thread/WARN]: Unable to play unknown soundEvent: minecraft:random.explode
[16:38:36] [Client thread/INFO]: Warning: Clientside chunk ticking took 102 ms
[16:38:36] [Client thread/WARN]: Unable to play unknown soundEvent: minecraft:random.explode
[16:38:36] [Client thread/WARN]: Unable to play unknown soundEvent: minecraft:random.explode
[16:38:36] [Client thread/WARN]: Unable to play unknown soundEvent: minecraft:random.explode
[16:38:43] [Server thread/INFO]: Saving and pausing game...
[16:38:43] [Server thread/INFO]: Saving chunks for level 'New World'/Overworld
[16:38:44] [Server thread/INFO]: Saving chunks for level 'New World'/Nether
[16:38:44] [Server thread/INFO]: Saving chunks for level 'New World'/The End
[16:40:26] [Client thread/WARN]: Unable to play unknown soundEvent: minecraft:gui.button.press
[16:40:28] [Client thread/WARN]: Unable to play unknown soundEvent: minecraft:random.bow
[16:40:28] [Client thread/WARN]: Unable to play unknown soundEvent: minecraft:random.bow
[16:40:28] [Client thread/WARN]: Unable to play unknown soundEvent: minecraft:random.bow
[16:40:28] [Client thread/WARN]: Unable to play unknown soundEvent: minecraft:random.bow
[16:40:29] [Client thread/WARN]: Unable to play unknown soundEvent: minecraft:random.bow
[16:40:29] [Client thread/WARN]: Unable to play unknown soundEvent: minecraft:random.explode
[16:40:29] [Client thread/WARN]: Unable to play unknown soundEvent: minecraft:random.explode
[16:40:29] [Client thread/WARN]: Unable to play unknown soundEvent: minecraft:random.explode
[16:40:29] [Client thread/WARN]: Unable to play unknown soundEvent: minecraft:random.explode
[16:40:30] [Client thread/WARN]: Unable to play unknown soundEvent: minecraft:random.explode
[16:40:30] [Client thread/WARN]: Unable to play unknown soundEvent: minecraft:random.bow
[16:40:30] [Client thread/WARN]: Unable to play unknown soundEvent: minecraft:random.bow
[16:40:30] [Client thread/WARN]: Unable to play unknown soundEvent: minecraft:random.bow
[16:40:30] [Client thread/WARN]: Unable to play unknown soundEvent: minecraft:random.bow
[16:40:30] [Client thread/WARN]: Unable to play unknown soundEvent: minecraft:random.bow
[16:40:31] [Client thread/WARN]: Unable to play unknown soundEvent: minecraft:random.explode
[16:40:32] [Client thread/WARN]: Unable to play unknown soundEvent: minecraft:random.explode
[16:40:32] [Client thread/WARN]: Unable to play unknown soundEvent: minecraft:random.explode
[16:40:32] [Client thread/WARN]: Unable to play unknown soundEvent: minecraft:random.explode
[16:40:32] [Client thread/WARN]: Unable to play unknown soundEvent: minecraft:random.explode
[16:40:33] [Client thread/WARN]: Unable to play unknown soundEvent: minecraft:random.bow
[16:40:33] [Client thread/WARN]: Unable to play unknown soundEvent: minecraft:random.bow
[16:40:33] [Client thread/WARN]: Unable to play unknown soundEvent: minecraft:random.bow
[16:40:33] [Client thread/WARN]: Unable to play unknown soundEvent: minecraft:random.bow
[16:40:33] [Client thread/WARN]: Unable to play unknown soundEvent: minecraft:random.bowhit
[16:40:33] [Client thread/WARN]: Unable to play unknown soundEvent: minecraft:random.explode
[16:40:33] [Client thread/WARN]: Unable to play unknown soundEvent: minecraft:random.bow
[16:40:33] [Client thread/WARN]: Unable to play unknown soundEvent: minecraft:random.bowhit
[16:40:33] [Client thread/WARN]: Unable to play unknown soundEvent: minecraft:random.explode
[16:40:33] [Client thread/WARN]: Unable to play unknown soundEvent: minecraft:random.explode
[16:40:34] [Client thread/WARN]: Unable to play unknown soundEvent: minecraft:random.explode
[16:40:34] [Client thread/WARN]: Unable to play unknown soundEvent: minecraft:random.explode
[16:40:36] [Client thread/INFO]: Warning: Clientside chunk ticking took 104 ms
[16:40:39] [Client thread/WARN]: Unable to play unknown soundEvent: minecraft:random.bow
[16:40:39] [Client thread/WARN]: Unable to play unknown soundEvent: minecraft:random.bow
[16:40:39] [Client thread/WARN]: Unable to play unknown soundEvent: minecraft:random.bow
[16:40:39] [Client thread/WARN]: Unable to play unknown soundEvent: minecraft:random.bow
[16:40:39] [Client thread/WARN]: Unable to play unknown soundEvent: minecraft:random.bow
[16:40:39] [Client thread/WARN]: Unable to play unknown soundEvent: minecraft:music.game.creative
[16:40:40] [Client thread/WARN]: Unable to play unknown soundEvent: minecraft:random.explode
[16:40:40] [Client thread/WARN]: Unable to play unknown soundEvent: minecraft:random.explode
[16:40:40] [Client thread/INFO]: Warning: Clientside chunk ticking took 123 ms
[16:40:41] [Client thread/WARN]: Unable to play unknown soundEvent: minecraft:random.explode
[16:40:41] [Client thread/WARN]: Unable to play unknown soundEvent: minecraft:random.explode
[16:40:44] [Client thread/WARN]: Unable to play unknown soundEvent: minecraft:minecart.base
[16:40:47] [Client thread/WARN]: Unable to play unknown soundEvent: minecraft:minecart.base
[16:40:49] [Client thread/WARN]: Unable to play unknown soundEvent: minecraft:random.bow
[16:40:49] [Client thread/WARN]: Unable to play unknown soundEvent: minecraft:random.bow
[16:40:49] [Client thread/WARN]: Unable to play unknown soundEvent: minecraft:random.bow
[16:40:49] [Client thread/WARN]: Unable to play unknown soundEvent: minecraft:random.bow
[16:40:50] [Client thread/WARN]: Unable to play unknown soundEvent: minecraft:random.bow
[16:40:50] [Client thread/WARN]: Unable to play unknown soundEvent: minecraft:random.explode
[16:40:50] [Client thread/WARN]: Unable to play unknown soundEvent: minecraft:random.explode
[16:40:50] [Client thread/WARN]: Unable to play unknown soundEvent: minecraft:random.explode
[16:40:50] [Client thread/WARN]: Unable to play unknown soundEvent: minecraft:random.explode
[16:40:50] [Client thread/WARN]: Unable to play unknown soundEvent: minecraft:random.explode
[16:40:55] [Client thread/WARN]: Unable to play unknown soundEvent: minecraft:fire.fire
[16:40:56] [Client thread/WARN]: Unable to play unknown soundEvent: minecraft:fire.fire
[16:40:56] [Client thread/WARN]: Unable to play unknown soundEvent: minecraft:random.bow
[16:40:56] [Client thread/WARN]: Unable to play unknown soundEvent: minecraft:random.bow
[16:40:56] [Client thread/WARN]: Unable to play unknown soundEvent: minecraft:random.bow
[16:40:56] [Client thread/WARN]: Unable to play unknown soundEvent: minecraft:random.bow
[16:40:56] [Client thread/WARN]: Unable to play unknown soundEvent: minecraft:random.explode
[16:40:56] [Client thread/WARN]: Unable to play unknown soundEvent: minecraft:random.bow
[16:40:56] [Client thread/WARN]: Unable to play unknown soundEvent: minecraft:random.explode
[16:40:56] [Client thread/WARN]: Unable to play unknown soundEvent: minecraft:random.explode
[16:40:57] [Client thread/WARN]: Unable to play unknown soundEvent: minecraft:random.explode
[16:40:57] [Client thread/WARN]: Unable to play unknown soundEvent: minecraft:random.explode
[16:40:58] [Client thread/WARN]: Unable to play unknown soundEvent: minecraft:fire.fire
[16:41:01] [Client thread/WARN]: Unable to play unknown soundEvent: minecraft:fire.fire
[16:41:01] [Client thread/WARN]: Unable to play unknown soundEvent: minecraft:random.bow
[16:41:01] [Client thread/WARN]: Unable to play unknown soundEvent: minecraft:random.bow
[16:41:01] [Client thread/WARN]: Unable to play unknown soundEvent: minecraft:random.bow
[16:41:01] [Client thread/WARN]: Unable to play unknown soundEvent: minecraft:random.bow
[16:41:01] [Client thread/WARN]: Unable to play unknown soundEvent: minecraft:fire.fire
[16:41:01] [Client thread/WARN]: Unable to play unknown soundEvent: minecraft:random.bow
[16:41:02] [Client thread/WARN]: Unable to play unknown soundEvent: minecraft:random.explode
[16:41:02] [Client thread/WARN]: Unable to play unknown soundEvent: minecraft:random.explode
[16:41:02] [Client thread/WARN]: Unable to play unknown soundEvent: minecraft:random.explode
[16:41:02] [Client thread/WARN]: Unable to play unknown soundEvent: minecraft:random.explode
[16:41:02] [Client thread/WARN]: Unable to play unknown soundEvent: minecraft:fire.fire
[16:41:02] [Client thread/WARN]: Unable to play unknown soundEvent: minecraft:random.explode
[16:41:04] [Client thread/WARN]: Unable to play unknown soundEvent: minecraft:random.bow
[16:41:04] [Client thread/WARN]: Unable to play unknown soundEvent: minecraft:random.bow
[16:41:04] [Client thread/WARN]: Unable to play unknown soundEvent: minecraft:random.bow
[16:41:04] [Client thread/WARN]: Unable to play unknown soundEvent: minecraft:random.bow
[16:41:04] [Client thread/WARN]: Unable to play unknown soundEvent: minecraft:random.bow
[16:41:04] [Client thread/WARN]: Unable to play unknown soundEvent: minecraft:fire.fire
[16:41:05] [Client thread/WARN]: Unable to play unknown soundEvent: minecraft:random.bow
[16:41:05] [Client thread/WARN]: Unable to play unknown soundEvent: minecraft:random.bow
[16:41:05] [Client thread/WARN]: Unable to play unknown soundEvent: minecraft:random.bow
[16:41:05] [Client thread/WARN]: Unable to play unknown soundEvent: minecraft:random.bow
[16:41:05] [Client thread/WARN]: Unable to play unknown soundEvent: minecraft:random.bow
[16:41:06] [Client thread/WARN]: Unable to play unknown soundEvent: minecraft:random.explode
[16:41:06] [Client thread/WARN]: Unable to play unknown soundEvent: minecraft:random.explode
[16:41:06] [Client thread/WARN]: Unable to play unknown soundEvent: minecraft:random.explode
[16:41:06] [Client thread/WARN]: Unable to play unknown soundEvent: minecraft:random.explode
[16:41:06] [Client thread/WARN]: Unable to play unknown soundEvent: minecraft:random.explode
[16:41:07] [Client thread/WARN]: Unable to play unknown soundEvent: minecraft:random.explode
[16:41:08] [Client thread/WARN]: Unable to play unknown soundEvent: minecraft:random.explode
[16:41:08] [Client thread/WARN]: Unable to play unknown soundEvent: minecraft:random.explode
[16:41:08] [Client thread/WARN]: Unable to play unknown soundEvent: minecraft:random.explode
[16:41:08] [Client thread/WARN]: Unable to play unknown soundEvent: minecraft:random.explode
[16:41:08] [Client thread/WARN]: Unable to play unknown soundEvent: minecraft:fire.fire
[16:41:08] [Client thread/WARN]: Unable to play unknown soundEvent: minecraft:fire.fire
[16:41:09] [Client thread/WARN]: Unable to play unknown soundEvent: minecraft:fire.fire
[16:41:11] [Client thread/WARN]: Unable to play unknown soundEvent: minecraft:fire.fire
[16:41:11] [Server thread/INFO]: Saving and pausing game...
[16:41:11] [Server thread/INFO]: Saving chunks for level 'New World'/Overworld
[16:41:12] [Server thread/INFO]: Saving chunks for level 'New World'/Nether
[16:41:12] [Server thread/INFO]: Saving chunks for level 'New World'/The End
[16:41:21] [Client thread/INFO]: Stopping!
[16:41:21] [Server thread/INFO]: Stopping server
[16:41:21] [Server thread/INFO]: Saving players
[16:41:21] [Server thread/INFO]: Saving worlds
[16:41:21] [Server thread/INFO]: Saving chunks for level 'New World'/Overworld
[16:41:21] [Server thread/INFO]: Saving chunks for level 'New World'/Nether
[16:41:21] [Server thread/INFO]: Saving chunks for level 'New World'/The End
